Strobing_Scratch,[supporting ponies,mares,unicorns],strobeeffectdjpon3,36,343166,1324313582
80's Cheerilee,[supporting ponies,alternate art,mares,earth ponies],80scheerilee,6,92202,1324313582
Aloe,[supporting ponies,mares,earth ponies],aloe,6,40359,1324313582
Angel,[pets],angel,8,10610,1324313582
Apple Bloom,[supporting ponies,fillies,earth ponies],applebloom,12,189274,1324313582
Apple Bumkin,[supporting ponies,mares,earth ponies],applebumkin,8,53313,1324313582
Apple Fritter,[supporting ponies,mares,earth ponies],applefritter,4,52202,1324313582
Applejack,[main ponies,mares,earth ponies],applejack,17,324552,1324313582
Berry Punch (OPPP),[supporting ponies,mares,earth ponies],berrypunchoppp,8,44535,1324313582
Princess Celestia,[supporting ponies,mares,alicorns],bigcelestia,10,889336,1324313582
Big Mac,[supporting ponies,stallions,earth ponies],bigmac,10,137271,1324313582
Blinkie Pie,[supporting ponies,fillies,earth ponies],blinkiepie,7,33511,1324313582
Blues,[supporting ponies,stallions,earth ponies],blues,10,77431,1324313582
Bon-Bon,[supporting ponies,mares,earth ponies],bonbon,10,255305,1324313582
Braeburn,[supporting ponies,stallions,earth ponies],braeburn,6,48085,1324313582
Caesar,[supporting ponies,stallions,earth ponies],caesar,6,48544,1324313582
Candy Mane,[supporting ponies,mares,earth ponies],candymane,6,39885,1324313582
Caramel,[stallions,earth ponies,supporting ponies],caramel,10,263587,1324313582
Carrot Top,[supporting ponies,mares,earth ponies],carrottop,14,158186,1324313582
Cheerilee,[supporting ponies,mares,earth ponies],cheerilee,6,79599,1324313582
Clyde Pie,[stallions,supporting ponies,earth ponies],clydepie,6,46775,1324313582
Colgate,[earth ponies,mares,supporting ponies],colgate,12,75035,1324313582
Daisy,[supporting ponies,mares,earth ponies],daisy,8,49836,1324313582
Derpy Hooves,[pegasi,mares,supporting ponies],derpy,34,434125,1324313582
Diamond Tiara,[supporting ponies,fillies,earth ponies],diamondtiara,8,78768,1324313582
Dinky Hooves,[supporting ponies,fillies,unicorns],dinkyhooves,6,31442,1324313582
Doctor Whooves,[earth ponies,stallions,supporting ponies],doctorwhooves,11,45384,1324313582
Elsie,[supporting ponies,earth ponies,mares],elsie,14,177843,1324313582
Filly AppleJack,[main ponies,fillies,earth ponies],fillyapplejack,8,74839,1324313582
Filly Celestia (Pink),[supporting ponies,fillies,alicorns],fillycelestia,12,67412,1324313582
Filly Fluttershy,[main ponies,fillies,pegasi],fillyfluttershy,14,105203,1324313582
Filly Pinkie Pie,[fillies,earth ponies,main ponies],fillypinkie,12,107856,1324313582
Filly Princess Luna,[supporting ponies,mares,alicorns],fillyprincessluna,12,103883,1324313582
Filly Rainbow Dash,[main ponies,fillies,pegasi],fillyrainbowdash,20,304621,1324313582
Filly Rarity,[main ponies,fillies,unicorns],fillyrarity,18,163387,1324313582
Filly Twilight Sparkle,[main ponies,fillies,unicorns],fillytwilight,8,74934,1324313582
Fluttershy,[main ponies,pegasi,mares],fluttershy,18,269949,1324313582
Gala Fluttershy,[pegasi,main ponies,mares,alternate art],galafluttershy,16,336411,1324313582
Gilda,[supporting ponies,mares,non-ponies],gilda,12,245078,1324313582
Granny Smith,[supporting ponies,mares,earth ponies],grannysmith,10,49617,1324313582
Gummy,[pets],gummy,11,101305,1324313582
Hoity-Toity,[supporting ponies,stallions,earth ponies],hoitytoity,12,261775,1324313582
Horte Cuisine,[supporting ponies,stallions,earth ponies],hortecuisine,6,72836,1324313582
Inky Pie,[fillies,earth ponies,supporting ponies],inkypie,8,76034,1324313582
Lightning Bolt,[supporting ponies,mares,pegasi],lightningbolt,12,397456,1324313582
Little Strongheart,[supporting ponies,mares,non-ponies],littlestrongheart,8,177068,1324313582
Lotus,[supporting ponies,mares,earth ponies],lotus,6,38945,1324313582
Lyra,[supporting ponies,mares,unicorns],lyra,12,272688,1324313582
Mayor Mare,[supporting ponies,mares,earth ponies],mayormare,6,47236,1324313582
Mrs. Sparkle,[supporting ponies,mares,unicorns],mrssparkle,6,42113,1324313582
Nightmare Moon,[supporting ponies,mares,alicorns],nightmaremoon,6,369480,1324313582
Nurse Redheart,[supporting ponies,mares,earth ponies],nurseredheart,6,82084,1324313582
Octavia,[supporting ponies,mares,earth ponies],octavia,7,73862,1324313582
Opalescence,[pets],opalescence,8,37602,1324313582
Parasprite,[pets],parasprite,9,25986,1324313582
philomena,[pets],philomena,18,336954,1324313582
Photo Finish,[supporting ponies,mares,earth ponies],photofinish,12,248956,1324313582
Pinkamina,[main ponies,mares,earth ponies,alternate art],pinkaminadianepie,10,122922,1324313582
Gala Pinkie,[main ponies,mares,earth ponies,alternate art],pinkiegala,12,228050,1324313582
Pinkie Pie,[main ponies,mares,earth ponies],pinkiepie,156,4108302,1324313582
Pipsqueak,[supporting ponies,fillies,earth ponies,stallions],pipsqueak,6,42781,1324313582
Pokey Pierce,[supporting ponies,stallions,unicorns],pokeypierce,6,42054,1324313582
Filly Celestia,[supporting ponies,alicorns,fillies],princesscelestia,12,304069,1324313582
Princess Luna,[supporting ponies,mares,alicorns],princessluna,17,205676,1324313582
Princess Luna (Season 2),[supporting ponies,mares,alicorns],princesslunaseason2,10,454120,1324313582
Rainbow Dash,[main ponies,mares,pegasi],rainbowdash,30,707138,1324313582
Raindrops,[supporting ponies,mares,pegasi],raindrops,18,546006,1324313582
Rarity,[main ponies,mares,unicorns],rarity,16,448208,1324313582
Roseluck,[supporting ponies,mares,earth ponies],roseluck,6,48955,1324313582
Royal Guard,[stallions,pegasi,supporting ponies],royalguard,9,84937,1324313582
Sapphire Shores,[supporting ponies,mares,earth ponies],sapphireshore,8,237841,1324313582
Scootaloo,[supporting ponies,fillies,pegasi],scootaloo,10,78981,1324313582
Screwball,[supporting ponies,mares,non-ponies],screwball,4,29793,1324313582
Shadowbolt,[supporting ponies,pegasi],shadowbolt,8,173295,1324313582
Sheriff Silverstar,[supporting ponies,stallions,earth ponies],sheriffsilverstar,6,42428,1324313582
Silver Spoon,[supporting ponies,fillies,earth ponies],silverspoon,8,63681,1324313582
Sindy,[supporting ponies,mares,earth ponies],sindy,8,62186,1324313582
Sir Colton Vines,[supporting ponies,stallions,earth ponies],sircoltonvines,8,42572,1324313582
Snails,[supporting ponies,stallions,unicorns],snails,6,34220,1324313582
Snips,[supporting ponies,stallions,unicorns],snips,6,24825,1324313582
Soarin',[supporting ponies,stallions,pegasi],soarin,10,85857,1324313582
Soigne Folio,[supporting ponies,mares,earth ponies],soignefolio,8,93103,1324313582
Spike,[supporting ponies,pets,non-ponies,alternate art],spike,12,49145,1324313582
Spitfire,[supporting ponies,mares,pegasi],spitfire,8,89423,1324313582
Suitless Spitfire,[supporting ponies,mares,pegasi],spitfiresuitless,8,74874,1324313582
Stella,[supporting ponies,mares,earth ponies],stella,8,88934,1324313582
Sue Pie,[supporting ponies,mares,earth ponies],suepie,8,84598,1324313582
Surprise,[mares,pegasi],surprise,16,230549,1324313582
Sweetie Belle,[supporting ponies,fillies,unicorns],sweetiebelle,16,87403,1324313582
Tank,[pets,non-ponies],tank,4,59049,1324313582
Trixie,[supporting ponies,mares,unicorns],trixie,12,333664,1324313582
Capeless Trixie,[supporting ponies,mares,unicorns,alternate art],trixiecapeless,6,125385,1324313582
Twilight Sparkle,[main ponies,mares,unicorns],twilight,26,660815,1324313582
Twist,[fillies,supporting ponies,earth ponies],twist,6,33998,1324313582
Winona,[pets],winona,6,51818,1324313582
Zecora,[mares,supporting ponies,non-ponies],zecora,10,124780,1324313582
fido,[non-ponies],zfido,13,205302,1324313582
Rover,[non-ponies],zrover,14,250190,1324313582
spot,[non-ponies],zspot,8,62086,1324313582