Applejack,applejack,13,137367,1317067200
Fluttershy,fluttershy,14,184024,1317067200
Pinkie Pie,pinkiepie,78,1925114,1317067200
Rainbow Dash,rainbowdash,26,660865,1318529800 
Rarity,rarity,12,119171,1317067200
Twilight Sparkle,twilightsparkle,16,252732,1317067200
Apple Bloom,applebloom,11,184871,1317067200
Scootaloo,scootaloo,10,77512,1317067200
Sweetie Belle,sweetiebelle,12,59551,1317067200
Dj Pon-3,djpon3,34,298807,1317067200
Doctor Whooves,doctorwhooves,9,42410,1317067200
'Bon Bon,bonbon,10,254953,1317160800
Gilda,gilda,6,76717,1317067200
Princess Luna,luna,14,191092,1317067200
Princess Celestia,princesscelestia,12,302227,1317067200
'Lyra,lyra,12,272070,1317160800
Octavia,octavia,7,73241,1317067200
Photo Finish,photofinish,11,164511,1317067200
Zecora,zecora,9,120244,1317067200
Derpy,derpy,30,410443,1317067200
Trixie,trixie,11,330697,1318529800